{
  "stats": {
    "suites": 1,
    "tests": 1,
    "passes": 0,
    "pending": 0,
    "failures": 1,
    "start": "2025-12-18T19:48:40.605Z",
    "end": "2025-12-18T19:48:40.771Z",
    "duration": 166,
    "testsRegistered": 16,
    "passPercent": 0,
    "pendingPercent": 0,
    "other": 0,
    "hasOther": false,
    "skipped": 15,
    "hasSkipped": true
  },
  "results": [
    {
      "uuid": "e150dedc-d432-479c-8afd-bc3de8603ce6",
      "title": "",
      "fullFile": "cypress\\e2e\\Backoffice\\Oportunidade.adm.cy.js",
      "file": "cypress\\e2e\\Backoffice\\Oportunidade.adm.cy.js",
      "beforeHooks": [],
      "afterHooks": [],
      "tests": [],
      "suites": [
        {
          "uuid": "1bc52b8c-d0c7-483c-94ee-dbc78231e8f6",
          "title": "Funcionalidade Oportunidades - Admin",
          "fullFile": "",
          "file": "",
          "beforeHooks": [],
          "afterHooks": [],
          "tests": [
            {
              "title": "Validar Cadastro de Oportunidades SPCC Importação",
              "fullTitle": "Funcionalidade Oportunidades - Admin Validar Cadastro de Oportunidades SPCC Importação",
              "timedOut": null,
              "duration": 107,
              "state": "failed",
              "speed": null,
              "pass": false,
              "fail": true,
              "pending": false,
              "context": "[\n  {\n    \"title\": \"cypress-mochawesome-reporter-videos-failed\",\n    \"value\": \"cypress\\\\e2e\\\\Backoffice\\\\Oportunidade.adm.cy.js\"\n  },\n  {\n    \"title\": \"cypress-mochawesome-reporter-screenshots\",\n    \"value\": [\n      [\n        \"\\\\Backoffice\\\\Oportunidade.adm.cy.js\\\\Validar Cadastro de Oportunidades SPCC Importação -- before each hook (failed).png\"\n      ]\n    ]\n  }\n]",
              "code": "cy.acessarBackOffice('Oportunidade');\ncy.pesquisarItem(cadastroOportunidade);\ncy.excluirItem('Oportunidade', 'nomeEmpresa', cadastroOportunidade.nomeEmpresa);\ncy.acessarCadastrar('Oportunidade de Negócios', 'Cadastrar Oportunidade', 'Cadastro de Oportunidade');\ncy.preencherOportunidadeNegocios(cadastroOportunidade, cadastroOportunidade.Brasil, cadastroOportunidade.PetCare, cadastroOportunidade.Racoes, cadastroOportunidade.tipoImportacao, cadastroOportunidade.SPCC, cadastroOportunidade.Salvar);\ncy.contains(\"Oportunidade Cadastrada com Sucesso.\", {\n  timeout: 16000\n}).should('be.visible');\ncy.waitForPageLoad();",
              "err": {
                "message": "CypressError: `cy.task('clearCache')` failed with the following error:\n\nThe 'task' event has not been registered in the setupNodeEvents method. You must register it before using cy.task()\n\nFix this in your setupNodeEvents method here:\nD:\\PJ\\diretorio_automation\\cypress.config.js\n\nhttps://on.cypress.io/api/task\n\nBecause this error occurred during a `before each` hook we are skipping all of the remaining tests.",
                "estack": "CypressError: `cy.task('clearCache')` failed with the following error:\n\nThe 'task' event has not been registered in the setupNodeEvents method. You must register it before using cy.task()\n\nFix this in your setupNodeEvents method here:\nD:\\PJ\\diretorio_automation\\cypress.config.js\n\nhttps://on.cypress.io/api/task\n\nBecause this error occurred during a `before each` hook we are skipping all of the remaining tests.\n    at <unknown> (https://test.spchamber.com.br/__cypress/runner/cypress_runner.js:138735:72)\n    at tryCatcher (https://test.spchamber.com.br/__cypress/runner/cypress_runner.js:1777:23)\n    at Promise._settlePromiseFromHandler (https://test.spchamber.com.br/__cypress/runner/cypress_runner.js:1489:31)\n    at Promise._settlePromise (https://test.spchamber.com.br/__cypress/runner/cypress_runner.js:1546:18)\n    at Promise._settlePromise0 (https://test.spchamber.com.br/__cypress/runner/cypress_runner.js:1591:10)\n    at Promise._settlePromises (https://test.spchamber.com.br/__cypress/runner/cypress_runner.js:1667:18)\n    at _drainQueueStep (https://test.spchamber.com.br/__cypress/runner/cypress_runner.js:2377:12)\n    at _drainQueue (https://test.spchamber.com.br/__cypress/runner/cypress_runner.js:2370:9)\n    at Async._drainQueues (https://test.spchamber.com.br/__cypress/runner/cypress_runner.js:2386:5)\n    at Async.drainQueues (https://test.spchamber.com.br/__cypress/runner/cypress_runner.js:2256:14)\nFrom Your Spec Code:\n    at Context.eval (webpack://diretorio_automation/./cypress/support/commands.js:8:7)",
                "diff": null
              },
              "uuid": "551eee72-244b-44da-a058-6c6e4cb9a773",
              "parentUUID": "1bc52b8c-d0c7-483c-94ee-dbc78231e8f6",
              "isHook": false,
              "skipped": false
            },
            {
              "title": "Validar Cadastro de Oportunidades SPCC Exportação",
              "fullTitle": "Funcionalidade Oportunidades - Admin Validar Cadastro de Oportunidades SPCC Exportação",
              "timedOut": null,
              "duration": 0,
              "state": "skipped",
              "speed": null,
              "pass": false,
              "fail": false,
              "pending": false,
              "context": null,
              "code": "cy.acessarBackOffice('Oportunidades e Negócios');\ncy.pesquisarItem(cadastroOportunidade);\ncy.excluirItem('Oportunidade', 'nomeEmpresa', cadastroOportunidade.nomeEmpresa);\ncy.acessarCadastrar('Oportunidade de Negócios', 'Cadastrar Oportunidade', 'Cadastro de Oportunidade');\ncy.preencherOportunidadeNegocios(cadastroOportunidade, cadastroOportunidade.Argentina, cadastroOportunidade.Moda, cadastroOportunidade.Calcados, cadastroOportunidade.tipoExportacao, cadastroOportunidade.SPCC, cadastroOportunidade.Salvar);\ncy.contains(\"Oportunidade Cadastrada com Sucesso.\", {\n  timeout: 16000\n}).should('be.visible');",
              "err": {},
              "uuid": "22f51e4a-bf45-4364-b552-b4cfdc4aa9ec",
              "parentUUID": "1bc52b8c-d0c7-483c-94ee-dbc78231e8f6",
              "isHook": false,
              "skipped": true
            },
            {
              "title": "Validar Cadastro de Oportunidades CECIEx Exportação",
              "fullTitle": "Funcionalidade Oportunidades - Admin Validar Cadastro de Oportunidades CECIEx Exportação",
              "timedOut": null,
              "duration": 0,
              "state": "skipped",
              "speed": null,
              "pass": false,
              "fail": false,
              "pending": false,
              "context": null,
              "code": "cy.acessarBackOffice('Oportunidades e Negócios');\ncy.pesquisarItem(cadastroOportunidade);\ncy.excluirItem('Oportunidade', 'nomeEmpresa', cadastroOportunidade.nomeEmpresa);\ncy.acessarCadastrar('Oportunidade de Negócios', 'Cadastrar Oportunidade', 'Cadastro de Oportunidade');\ncy.preencherOportunidadeNegocios(cadastroOportunidade, cadastroOportunidade.Brasil, cadastroOportunidade.Commodities, cadastroOportunidade.Fertilizantes, cadastroOportunidade.tipoExportacao, cadastroOportunidade.CECIEx, cadastroOportunidade.Salvar);\ncy.contains(\"Oportunidade Cadastrada com Sucesso.\", {\n  timeout: 16000\n}).should('be.visible');",
              "err": {},
              "uuid": "433c2825-31ea-40b6-8512-0521bb556013",
              "parentUUID": "1bc52b8c-d0c7-483c-94ee-dbc78231e8f6",
              "isHook": false,
              "skipped": true
            },
            {
              "title": "Validar Cadastro de Oportunidades CECIEx Importação",
              "fullTitle": "Funcionalidade Oportunidades - Admin Validar Cadastro de Oportunidades CECIEx Importação",
              "timedOut": null,
              "duration": 0,
              "state": "skipped",
              "speed": null,
              "pass": false,
              "fail": false,
              "pending": false,
              "context": null,
              "code": "cy.acessarBackOffice('Oportunidades e Negócios');\ncy.pesquisarItem(cadastroOportunidade);\ncy.excluirItem('Oportunidade', 'nomeEmpresa', cadastroOportunidade.nomeEmpresa);\ncy.acessarCadastrar('Oportunidade de Negócios', 'Cadastrar Oportunidade', 'Cadastro de Oportunidade');\ncy.preencherOportunidadeNegocios(cadastroOportunidade, cadastroOportunidade.Argentina, cadastroOportunidade.Defesa, cadastroOportunidade.Armas, cadastroOportunidade.tipoImportacao, cadastroOportunidade.CECIEx, cadastroOportunidade.Salvar);\ncy.contains(\"Oportunidade Cadastrada com Sucesso.\", {\n  timeout: 16000\n}).should('be.visible');",
              "err": {},
              "uuid": "e570c620-9400-43c1-95ee-b7eb304359a9",
              "parentUUID": "1bc52b8c-d0c7-483c-94ee-dbc78231e8f6",
              "isHook": false,
              "skipped": true
            },
            {
              "title": "Validar Excluir Oportunidades",
              "fullTitle": "Funcionalidade Oportunidades - Admin Validar Excluir Oportunidades",
              "timedOut": null,
              "duration": 0,
              "state": "skipped",
              "speed": null,
              "pass": false,
              "fail": false,
              "pending": false,
              "context": null,
              "code": "cy.acessarBackOffice('Oportunidades e Negócios');\ncy.pesquisarItem(cadastroOportunidade);\ncy.excluirItem('Oportunidade', 'nomeEmpresa', cadastroOportunidade.nomeEmpresa);\ncy.acessarCadastrar('Oportunidade de Negócios', 'Cadastrar Oportunidade', 'Cadastro de Oportunidade');\ncy.preencherOportunidadeNegocios(cadastroOportunidade, cadastroOportunidade.Argentina, cadastroOportunidade.Defesa, cadastroOportunidade.Armas, cadastroOportunidade.tipoExportacao, cadastroOportunidade.CECIEx, cadastroOportunidade.Salvar);\ncy.contains(\"Oportunidade Cadastrada com Sucesso.\", {\n  timeout: 16000\n}).should('be.visible');\ncy.pesquisarItem(cadastroOportunidade);\ncy.excluirItem('Oportunidade', 'nomeEmpresa', cadastroOportunidade.nomeEmpresa);\ncy.contains(\"Oportunidade Excluída com Sucesso.\", {\n  timeout: 16000\n}).should('be.visible');",
              "err": {},
              "uuid": "9fe9bff0-23a8-4b26-9462-0dabf566ff4d",
              "parentUUID": "1bc52b8c-d0c7-483c-94ee-dbc78231e8f6",
              "isHook": false,
              "skipped": true
            },
            {
              "title": "Validar Editar Oportunidades",
              "fullTitle": "Funcionalidade Oportunidades - Admin Validar Editar Oportunidades",
              "timedOut": null,
              "duration": 0,
              "state": "skipped",
              "speed": null,
              "pass": false,
              "fail": false,
              "pending": false,
              "context": null,
              "code": "cy.acessarBackOffice('Oportunidades e Negócios');\ncy.pesquisarItem(cadastroOportunidade);\ncy.excluirItem('Oportunidade', 'nomeEmpresa', cadastroOportunidade.nomeEmpresa);\ncy.acessarCadastrar('Oportunidade de Negócios', 'Cadastrar Oportunidade', 'Cadastro de Oportunidade');\ncy.preencherOportunidadeNegocios(cadastroOportunidade, cadastroOportunidade.Argentina, cadastroOportunidade.Defesa, cadastroOportunidade.Armas, cadastroOportunidade.tipoExportacao, cadastroOportunidade.CECIEx, cadastroOportunidade.Salvar);\ncy.editarOportunidade(cadastroOportunidade);\ncy.preencherOportunidadeNegocios(cadastroOportunidade, cadastroOportunidade.Brasil, cadastroOportunidade.Commodities, cadastroOportunidade.Fertilizantes, cadastroOportunidade.tipoImportacao, cadastroOportunidade.SPCC, cadastroOportunidade.Editar);\ncy.contains(\"Edição Salva com Sucesso.\", {\n  timeout: 16000\n}).should('be.visible');",
              "err": {},
              "uuid": "3403a066-d4e2-451c-9b30-c2bc69bc1ace",
              "parentUUID": "1bc52b8c-d0c7-483c-94ee-dbc78231e8f6",
              "isHook": false,
              "skipped": true
            },
            {
              "title": "Validar Destivar Oportunidade",
              "fullTitle": "Funcionalidade Oportunidades - Admin Validar Destivar Oportunidade",
              "timedOut": null,
              "duration": 0,
              "state": "skipped",
              "speed": null,
              "pass": false,
              "fail": false,
              "pending": false,
              "context": null,
              "code": "cy.acessarBackOffice('Oportunidades e Negócios');\ncy.pesquisarItem(cadastroOportunidade);\ncy.excluirItem('Oportunidade', 'nomeEmpresa', cadastroOportunidade.nomeEmpresa);\ncy.acessarCadastrar('Oportunidade de Negócios', 'Cadastrar Oportunidade', 'Cadastro de Oportunidade');\ncy.preencherOportunidadeNegocios(cadastroOportunidade, cadastroOportunidade.Brasil, cadastroOportunidade.Commodities, cadastroOportunidade.Fertilizantes, cadastroOportunidade.tipoExportacao, cadastroOportunidade.CECIEx, cadastroOportunidade.Salvar);\ncy.alterarStatus(cadastroOportunidade, false);",
              "err": {},
              "uuid": "9bf47116-9933-4d79-8ce5-0ee49f495d90",
              "parentUUID": "1bc52b8c-d0c7-483c-94ee-dbc78231e8f6",
              "isHook": false,
              "skipped": true
            },
            {
              "title": "Validar Ativar Oportunidade",
              "fullTitle": "Funcionalidade Oportunidades - Admin Validar Ativar Oportunidade",
              "timedOut": null,
              "duration": 0,
              "state": "skipped",
              "speed": null,
              "pass": false,
              "fail": false,
              "pending": false,
              "context": null,
              "code": "cy.acessarBackOffice('Oportunidades e Negócios');\ncy.pesquisarItem(cadastroOportunidade);\ncy.excluirItem('Oportunidade', 'nomeEmpresa', cadastroOportunidade.nomeEmpresa);\ncy.acessarCadastrar('Oportunidade de Negócios', 'Cadastrar Oportunidade', 'Cadastro de Oportunidade');\ncy.preencherOportunidadeNegocios(cadastroOportunidade, cadastroOportunidade.Brasil, cadastroOportunidade.PetCare, cadastroOportunidade.Racoes, cadastroOportunidade.tipoImportacao, cadastroOportunidade.SPCC, cadastroOportunidade.Salvar);\ncy.alterarStatus(cadastroOportunidade, true);",
              "err": {},
              "uuid": "b9095930-833b-48c7-b852-290a43178c4d",
              "parentUUID": "1bc52b8c-d0c7-483c-94ee-dbc78231e8f6",
              "isHook": false,
              "skipped": true
            },
            {
              "title": "Validar Pesquisar Oportunidade",
              "fullTitle": "Funcionalidade Oportunidades - Admin Validar Pesquisar Oportunidade",
              "timedOut": null,
              "duration": 0,
              "state": "skipped",
              "speed": null,
              "pass": false,
              "fail": false,
              "pending": false,
              "context": null,
              "code": "cy.acessarBackOffice('Oportunidades e Negócios');\ncy.pesquisarItem(cadastroOportunidade);\ncy.excluirItem('Oportunidade', 'nomeEmpresa', cadastroOportunidade.nomeEmpresa);\ncy.acessarCadastrar('Oportunidade de Negócios', 'Cadastrar Oportunidade', 'Cadastro de Oportunidade');\ncy.preencherOportunidadeNegocios(cadastroOportunidade, cadastroOportunidade.Argentina, cadastroOportunidade.Defesa, cadastroOportunidade.Armas, cadastroOportunidade.tipoExportacao, cadastroOportunidade.CECIEx, cadastroOportunidade.Salvar);\ncy.pesquisarItem(cadastroOportunidade);",
              "err": {},
              "uuid": "3d645470-fed4-49df-a1a0-2e6e99a7703b",
              "parentUUID": "1bc52b8c-d0c7-483c-94ee-dbc78231e8f6",
              "isHook": false,
              "skipped": true
            },
            {
              "title": "Validar Filtro de Ordenação",
              "fullTitle": "Funcionalidade Oportunidades - Admin Validar Filtro de Ordenação",
              "timedOut": null,
              "duration": 0,
              "state": "skipped",
              "speed": null,
              "pass": false,
              "fail": false,
              "pending": false,
              "context": null,
              "code": "cy.acessarBackOffice('Oportunidades e Negócios');\ncy.pesquisarItem(cadastroOportunidade);\ncy.excluirItem('Oportunidade', 'nomeEmpresa', cadastroOportunidade.nomeEmpresa);\ncy.acessarCadastrar('Oportunidade de Negócios', 'Cadastrar Oportunidade', 'Cadastro de Oportunidade');\ncy.preencherOportunidadeNegocios(cadastroOportunidade, cadastroOportunidade.Brasil, cadastroOportunidade.PetCare, cadastroOportunidade.Racoes, cadastroOportunidade.tipoImportacao, cadastroOportunidade.SPCC, cadastroOportunidade.Salvar);\ncy.contains('p.chakra-text', 'Ordenar por').should('be.visible');\ncy.contains('button', 'Mais Recentes').click();\ncy.contains('button', 'A - Z').click();",
              "err": {},
              "uuid": "106e7220-7c24-4348-a14b-e1b2a167b7a9",
              "parentUUID": "1bc52b8c-d0c7-483c-94ee-dbc78231e8f6",
              "isHook": false,
              "skipped": true
            },
            {
              "title": "Validar layout da tela de Oportunidade de Negócios",
              "fullTitle": "Funcionalidade Oportunidades - Admin Validar layout da tela de Oportunidade de Negócios",
              "timedOut": null,
              "duration": 0,
              "state": "skipped",
              "speed": null,
              "pass": false,
              "fail": false,
              "pending": false,
              "context": null,
              "code": "cy.acessarBackOffice('Oportunidades e Negócios');\ncy.pesquisarItem(cadastroOportunidade);\ncy.excluirItem('Oportunidade', 'nomeEmpresa', cadastroOportunidade.nomeEmpresa);\ncy.acessarCadastrar('Oportunidade de Negócios', 'Cadastrar Oportunidade', 'Cadastro de Oportunidade');\ncy.preencherOportunidadeNegocios(cadastroOportunidade, cadastroOportunidade.Brasil, cadastroOportunidade.PetCare, cadastroOportunidade.Racoes, cadastroOportunidade.tipoImportacao, cadastroOportunidade.SPCC, cadastroOportunidade.Salvar);\ncy.validarLabel('Oportunidade de Negócios');\ncy.contains('button', 'Cadastrar Oportunidade').should('be.visible');\ncy.validarLabel('Oportunidades Cadastradas');\ncy.pesquisarItem(cadastroOportunidade);\ncy.validarLabel('Data de Cadastro');\ncy.validarLabel('Nome da Empresa');\ncy.validarLabel('Categoria');\ncy.validarLabel('Tipo de Operação');\ncy.validarLabel('Ordenar por');\ncy.get('p[datatype=\"pagination-number-1\"]').should('be.visible').and('have.text', '1');",
              "err": {},
              "uuid": "797f6877-e68e-4d66-873f-b100089951ae",
              "parentUUID": "1bc52b8c-d0c7-483c-94ee-dbc78231e8f6",
              "isHook": false,
              "skipped": true
            },
            {
              "title": "Validar Visualização de Oportunidade de Terceiros",
              "fullTitle": "Funcionalidade Oportunidades - Admin Validar Visualização de Oportunidade de Terceiros",
              "timedOut": null,
              "duration": 0,
              "state": "skipped",
              "speed": null,
              "pass": false,
              "fail": false,
              "pending": false,
              "context": null,
              "code": "cy.acessarBackOffice('Empresas');\ncy.visualizarEmpresa('AUTOMAÇÃO');",
              "err": {},
              "uuid": "e296c5dc-c8b8-46d2-8183-57f769d2297b",
              "parentUUID": "1bc52b8c-d0c7-483c-94ee-dbc78231e8f6",
              "isHook": false,
              "skipped": true
            },
            {
              "title": "Validar e-mail com formato incorreto",
              "fullTitle": "Funcionalidade Oportunidades - Admin Validar e-mail com formato incorreto",
              "timedOut": null,
              "duration": 0,
              "state": "skipped",
              "speed": null,
              "pass": false,
              "fail": false,
              "pending": false,
              "context": null,
              "code": "cy.acessarBackOffice('Oportunidades e Negócios');\ncy.pesquisarItem(cadastroOportunidade);\ncy.excluirItem('Oportunidade', 'nomeEmpresa', cadastroOportunidade.nomeEmpresa);\ncy.acessarCadastrar('Oportunidade de Negócios', 'Cadastrar Oportunidade', 'Cadastro de Oportunidade');\ncy.get('[data-type=\"input-contactEmail\"]').clear().type('emailinválido@com.br').blur();\ncy.contains('E-mail inválido');",
              "err": {},
              "uuid": "1e5300fd-022a-49bd-b7a0-bec43346f27d",
              "parentUUID": "1bc52b8c-d0c7-483c-94ee-dbc78231e8f6",
              "isHook": false,
              "skipped": true
            },
            {
              "title": "Validar que Início não pode ser menor que a Data de Atual",
              "fullTitle": "Funcionalidade Oportunidades - Admin Validar que Início não pode ser menor que a Data de Atual",
              "timedOut": null,
              "duration": 0,
              "state": "skipped",
              "speed": null,
              "pass": false,
              "fail": false,
              "pending": false,
              "context": null,
              "code": "cy.acessarBackOffice('Oportunidades e Negócios');\ncy.pesquisarItem(cadastroOportunidade);\ncy.excluirItem('Oportunidade', 'nomeEmpresa', cadastroOportunidade.nomeEmpresa);\ncy.acessarCadastrar('Oportunidade de Negócios', 'Cadastrar Oportunidade', 'Cadastro de Oportunidade');\ncy.get('[name=\"startDate\"]').click().type(cadastroOportunidade.dataPassada);\ncy.contains('button', cadastroOportunidade.Salvar).click();\ncy.validarMensagemErroData('Início', 'A data de início deve ser após a data atual');",
              "err": {},
              "uuid": "bd69321c-c4f5-499c-ab04-4242a950bed3",
              "parentUUID": "1bc52b8c-d0c7-483c-94ee-dbc78231e8f6",
              "isHook": false,
              "skipped": true
            },
            {
              "title": "Validar que Data Final não pode ser menor que a Data de Início",
              "fullTitle": "Funcionalidade Oportunidades - Admin Validar que Data Final não pode ser menor que a Data de Início",
              "timedOut": null,
              "duration": 0,
              "state": "skipped",
              "speed": null,
              "pass": false,
              "fail": false,
              "pending": false,
              "context": null,
              "code": "cy.acessarBackOffice('Oportunidades e Negócios');\ncy.pesquisarItem(cadastroOportunidade);\ncy.excluirItem('Oportunidade', 'nomeEmpresa', cadastroOportunidade.nomeEmpresa);\ncy.acessarCadastrar('Oportunidade de Negócios', 'Cadastrar Oportunidade', 'Cadastro de Oportunidade');\ncy.get('[name=\"endDate\"]').click().type(cadastroOportunidade.dataPassada);\ncy.contains('button', cadastroOportunidade.Salvar).click();\ncy.validarMensagemErroData('final', 'A data final deve ser igual ou posterior à data inicial');",
              "err": {},
              "uuid": "628d2eae-1c85-4ea4-a4c9-afed2a5db900",
              "parentUUID": "1bc52b8c-d0c7-483c-94ee-dbc78231e8f6",
              "isHook": false,
              "skipped": true
            },
            {
              "title": "Validar Campo Obrigatório de Oportunidades",
              "fullTitle": "Funcionalidade Oportunidades - Admin Validar Campo Obrigatório de Oportunidades",
              "timedOut": null,
              "duration": 0,
              "state": "skipped",
              "speed": null,
              "pass": false,
              "fail": false,
              "pending": false,
              "context": null,
              "code": "cy.acessarBackOffice('Oportunidades e Negócios');\ncy.pesquisarItem(cadastroOportunidade);\ncy.excluirItem('Oportunidade', 'nomeEmpresa', cadastroOportunidade.nomeEmpresa);\ncy.acessarCadastrar('Oportunidade de Negócios', 'Cadastrar Oportunidade', 'Cadastro de Oportunidade');\ncy.get('[type=\"date\"]').clear();\ncy.get('[datatype=\"input-endDate\"]').clear();\ncy.contains('button', \"Cadastrar Oportunidade\").click();\ncy.validarLayoutOportunidadeAdmin();\ncy.contains('p', 'Alguns dados são obrigatórios.').should('be.visible');",
              "err": {},
              "uuid": "65611053-c3dc-4e8d-ba69-7ca055c16646",
              "parentUUID": "1bc52b8c-d0c7-483c-94ee-dbc78231e8f6",
              "isHook": false,
              "skipped": true
            }
          ],
          "suites": [],
          "passes": [],
          "failures": [
            "551eee72-244b-44da-a058-6c6e4cb9a773"
          ],
          "pending": [],
          "skipped": [
            "22f51e4a-bf45-4364-b552-b4cfdc4aa9ec",
            "433c2825-31ea-40b6-8512-0521bb556013",
            "e570c620-9400-43c1-95ee-b7eb304359a9",
            "9fe9bff0-23a8-4b26-9462-0dabf566ff4d",
            "3403a066-d4e2-451c-9b30-c2bc69bc1ace",
            "9bf47116-9933-4d79-8ce5-0ee49f495d90",
            "b9095930-833b-48c7-b852-290a43178c4d",
            "3d645470-fed4-49df-a1a0-2e6e99a7703b",
            "106e7220-7c24-4348-a14b-e1b2a167b7a9",
            "797f6877-e68e-4d66-873f-b100089951ae",
            "e296c5dc-c8b8-46d2-8183-57f769d2297b",
            "1e5300fd-022a-49bd-b7a0-bec43346f27d",
            "bd69321c-c4f5-499c-ab04-4242a950bed3",
            "628d2eae-1c85-4ea4-a4c9-afed2a5db900",
            "65611053-c3dc-4e8d-ba69-7ca055c16646"
          ],
          "duration": 107,
          "root": false,
          "rootEmpty": false,
          "_timeout": 2000
        }
      ],
      "passes": [],
      "failures": [],
      "pending": [],
      "skipped": [],
      "duration": 0,
      "root": true,
      "rootEmpty": true,
      "_timeout": 2000
    }
  ],
  "meta": {
    "mocha": {
      "version": "7.2.0"
    },
    "mochawesome": {
      "options": {
        "quiet": false,
        "reportFilename": "mochawesome",
        "saveHtml": false,
        "saveJson": true,
        "consoleReporter": "spec",
        "useInlineDiffs": false,
        "code": true
      },
      "version": "7.1.4"
    },
    "marge": {
      "options": {
        "reportDir": "cypress\\results\\.jsons",
        "charts": true,
        "embeddedScreenshots": true,
        "inlineAssets": true,
        "overwrite": false,
        "html": false,
        "json": true
      },
      "version": "6.3.2"
    }
  }
}