{
  "stats": {
    "suites": 1,
    "tests": 1,
    "passes": 0,
    "pending": 0,
    "failures": 1,
    "start": "2025-12-18T19:48:35.850Z",
    "end": "2025-12-18T19:48:36.008Z",
    "duration": 158,
    "testsRegistered": 10,
    "passPercent": 0,
    "pendingPercent": 0,
    "other": 0,
    "hasOther": false,
    "skipped": 9,
    "hasSkipped": true
  },
  "results": [
    {
      "uuid": "bb52df1b-f2f1-4cf9-b977-1d6fee383fc2",
      "title": "",
      "fullFile": "cypress\\e2e\\Backoffice\\Noticia.cy.js",
      "file": "cypress\\e2e\\Backoffice\\Noticia.cy.js",
      "beforeHooks": [],
      "afterHooks": [],
      "tests": [],
      "suites": [
        {
          "uuid": "7dbde2df-e090-44bd-b4b1-9861edc2538e",
          "title": "Funcionalidade Notícias",
          "fullFile": "",
          "file": "",
          "beforeHooks": [],
          "afterHooks": [],
          "tests": [
            {
              "title": "Validar Cadastro de Notícias SPCC",
              "fullTitle": "Funcionalidade Notícias Validar Cadastro de Notícias SPCC",
              "timedOut": null,
              "duration": 102,
              "state": "failed",
              "speed": null,
              "pass": false,
              "fail": true,
              "pending": false,
              "context": "[\n  {\n    \"title\": \"cypress-mochawesome-reporter-videos-failed\",\n    \"value\": \"cypress\\\\e2e\\\\Backoffice\\\\Noticia.cy.js\"\n  },\n  {\n    \"title\": \"cypress-mochawesome-reporter-screenshots\",\n    \"value\": [\n      [\n        \"\\\\Backoffice\\\\Noticia.cy.js\\\\Validar Cadastro de Notícias SPCC -- before each hook (failed).png\"\n      ]\n    ]\n  }\n]",
              "code": "cy.acessarBackOffice('Notícias');\ncy.pesquisarItem(cadastroNoticias);\ncy.excluirItem('Notícia', 'tituloNoticia', cadastroNoticias.tituloNoticia);\ncy.acessarCadastrar('Cadastro de Notícias', 'Cadastrar Notícia', 'Cadastro de Notícias');\ncy.preencherNoticia(_objectSpread(_objectSpread({}, cadastroNoticias), {}, {\n  dataNoticia: cadastroNoticias.dataNoticiaHoje\n}), cadastroNoticias.SPCC, cadastroNoticias.CadastroNews);\ncy.contains(\"Notícia Cadastrada com Sucesso\", {\n  timeout: 10000\n}).should('be.visible');\ncy.waitForPageLoad();",
              "err": {
                "message": "CypressError: `cy.task('clearCache')` failed with the following error:\n\nThe 'task' event has not been registered in the setupNodeEvents method. You must register it before using cy.task()\n\nFix this in your setupNodeEvents method here:\nD:\\PJ\\diretorio_automation\\cypress.config.js\n\nhttps://on.cypress.io/api/task\n\nBecause this error occurred during a `before each` hook we are skipping all of the remaining tests.",
                "estack": "CypressError: `cy.task('clearCache')` failed with the following error:\n\nThe 'task' event has not been registered in the setupNodeEvents method. You must register it before using cy.task()\n\nFix this in your setupNodeEvents method here:\nD:\\PJ\\diretorio_automation\\cypress.config.js\n\nhttps://on.cypress.io/api/task\n\nBecause this error occurred during a `before each` hook we are skipping all of the remaining tests.\n    at <unknown> (https://test.spchamber.com.br/__cypress/runner/cypress_runner.js:138735:72)\n    at tryCatcher (https://test.spchamber.com.br/__cypress/runner/cypress_runner.js:1777:23)\n    at Promise._settlePromiseFromHandler (https://test.spchamber.com.br/__cypress/runner/cypress_runner.js:1489:31)\n    at Promise._settlePromise (https://test.spchamber.com.br/__cypress/runner/cypress_runner.js:1546:18)\n    at Promise._settlePromise0 (https://test.spchamber.com.br/__cypress/runner/cypress_runner.js:1591:10)\n    at Promise._settlePromises (https://test.spchamber.com.br/__cypress/runner/cypress_runner.js:1667:18)\n    at _drainQueueStep (https://test.spchamber.com.br/__cypress/runner/cypress_runner.js:2377:12)\n    at _drainQueue (https://test.spchamber.com.br/__cypress/runner/cypress_runner.js:2370:9)\n    at Async._drainQueues (https://test.spchamber.com.br/__cypress/runner/cypress_runner.js:2386:5)\n    at Async.drainQueues (https://test.spchamber.com.br/__cypress/runner/cypress_runner.js:2256:14)\nFrom Your Spec Code:\n    at Context.eval (webpack://diretorio_automation/./cypress/support/commands.js:8:7)",
                "diff": null
              },
              "uuid": "3d56b3a9-e966-4437-b0d2-61623345c86d",
              "parentUUID": "7dbde2df-e090-44bd-b4b1-9861edc2538e",
              "isHook": false,
              "skipped": false
            },
            {
              "title": "Validar Cadastro de Notícias Brazilian Suppliers",
              "fullTitle": "Funcionalidade Notícias Validar Cadastro de Notícias Brazilian Suppliers",
              "timedOut": null,
              "duration": 0,
              "state": "skipped",
              "speed": null,
              "pass": false,
              "fail": false,
              "pending": false,
              "context": null,
              "code": "cy.acessarBackOffice('Notícias');\ncy.pesquisarItem(cadastroNoticias);\ncy.excluirItem('Notícia', 'tituloNoticia', cadastroNoticias.tituloNoticia);\ncy.acessarCadastrar('Cadastro de Notícias', 'Cadastrar Notícia', 'Cadastro de Notícias');\ncy.preencherNoticia(_objectSpread(_objectSpread({}, cadastroNoticias), {}, {\n  dataNoticia: cadastroNoticias.dataNoticiaPassada\n}), cadastroNoticias.BS, cadastroNoticias.CadastroNews);\ncy.contains(\"Notícia Cadastrada com Sucesso\", {\n  timeout: 10000\n}).should('be.visible');",
              "err": {},
              "uuid": "87082a2d-24cb-45fe-ae2a-40431480038c",
              "parentUUID": "7dbde2df-e090-44bd-b4b1-9861edc2538e",
              "isHook": false,
              "skipped": true
            },
            {
              "title": "Validar Cadastro de Notícias CECIEx",
              "fullTitle": "Funcionalidade Notícias Validar Cadastro de Notícias CECIEx",
              "timedOut": null,
              "duration": 0,
              "state": "skipped",
              "speed": null,
              "pass": false,
              "fail": false,
              "pending": false,
              "context": null,
              "code": "cy.acessarBackOffice('Notícias');\ncy.pesquisarItem(cadastroNoticias);\ncy.excluirItem('Notícia', 'tituloNoticia', cadastroNoticias.tituloNoticia);\ncy.acessarCadastrar('Cadastro de Notícias', 'Cadastrar Notícia', 'Cadastro de Notícias');\ncy.preencherNoticia(_objectSpread(_objectSpread({}, cadastroNoticias), {}, {\n  dataNoticia: cadastroNoticias.dataNoticiaFutura\n}), cadastroNoticias.CECIEx, cadastroNoticias.CadastroNews);\ncy.contains(\"Notícia Cadastrada com Sucesso\", {\n  timeout: 10000\n}).should('be.visible');",
              "err": {},
              "uuid": "55861fe5-f93e-49e8-91e1-30c4ec3eabdd",
              "parentUUID": "7dbde2df-e090-44bd-b4b1-9861edc2538e",
              "isHook": false,
              "skipped": true
            },
            {
              "title": "Validar Pesquisar Notícia",
              "fullTitle": "Funcionalidade Notícias Validar Pesquisar Notícia",
              "timedOut": null,
              "duration": 0,
              "state": "skipped",
              "speed": null,
              "pass": false,
              "fail": false,
              "pending": false,
              "context": null,
              "code": "cy.acessarBackOffice('Notícias');\ncy.pesquisarItem(cadastroNoticias);\ncy.excluirItem('Notícia', 'tituloNoticia', cadastroNoticias.tituloNoticia);\ncy.acessarCadastrar('Cadastro de Notícias', 'Cadastrar Notícia', 'Cadastro de Notícias');\ncy.preencherNoticia(_objectSpread(_objectSpread({}, cadastroNoticias), {}, {\n  dataNoticia: cadastroNoticias.dataNoticiaHoje\n}), cadastroNoticias.SPCC, cadastroNoticias.CadastroNews);\ncy.contains(\"Notícia Cadastrada com Sucesso\", {\n  timeout: 10000\n}).should('be.visible');\ncy.pesquisarItem(cadastroNoticias);",
              "err": {},
              "uuid": "ca23c6fa-bfae-42f6-b312-17874e322650",
              "parentUUID": "7dbde2df-e090-44bd-b4b1-9861edc2538e",
              "isHook": false,
              "skipped": true
            },
            {
              "title": "Validar Filtro por Ordenação",
              "fullTitle": "Funcionalidade Notícias Validar Filtro por Ordenação",
              "timedOut": null,
              "duration": 0,
              "state": "skipped",
              "speed": null,
              "pass": false,
              "fail": false,
              "pending": false,
              "context": null,
              "code": "cy.acessarBackOffice('Notícias');\ncy.pesquisarItem(cadastroNoticias);\ncy.excluirItem('Notícia', 'tituloNoticia', cadastroNoticias.tituloNoticia);\ncy.acessarCadastrar('Cadastro de Notícias', 'Cadastrar Notícia', 'Cadastro de Notícias');\ncy.preencherNoticia(_objectSpread(_objectSpread({}, cadastroNoticias), {}, {\n  dataNoticia: cadastroNoticias.dataNoticiaHoje\n}), cadastroNoticias.CECIEx, cadastroNoticias.CadastroNews);\ncy.contains('p.chakra-text', 'Ordenar por').should('be.visible');\ncy.contains('button', 'Mais Recentes').click();\ncy.contains('button', 'A - Z').click();\ncy.wait(2000);",
              "err": {},
              "uuid": "9d347ef3-07ff-4e21-974b-0babfb027881",
              "parentUUID": "7dbde2df-e090-44bd-b4b1-9861edc2538e",
              "isHook": false,
              "skipped": true
            },
            {
              "title": "Validar Filtro por Entidade",
              "fullTitle": "Funcionalidade Notícias Validar Filtro por Entidade",
              "timedOut": null,
              "duration": 0,
              "state": "skipped",
              "speed": null,
              "pass": false,
              "fail": false,
              "pending": false,
              "context": null,
              "code": "cy.acessarBackOffice('Notícias');\ncy.pesquisarItem(cadastroNoticias);\ncy.excluirItem('Notícia', 'tituloNoticia', cadastroNoticias.tituloNoticia);\ncy.acessarCadastrar('Cadastro de Notícias', 'Cadastrar Notícia', 'Cadastro de Notícias');\ncy.preencherNoticia(_objectSpread(_objectSpread({}, cadastroNoticias), {}, {\n  dataNoticia: cadastroNoticias.dataNoticiaFutura\n}), cadastroNoticias.BS, cadastroNoticias.CadastroNews);\ncy.contains('p.chakra-text', 'Entidade').should('be.visible');\ncy.contains('button', 'Selecione').click();\ncy.contains('span.chakra-checkbox__label', 'BR Suppliers').click();",
              "err": {},
              "uuid": "ba7e5dbe-bc15-42d9-9d63-bdfb45f38240",
              "parentUUID": "7dbde2df-e090-44bd-b4b1-9861edc2538e",
              "isHook": false,
              "skipped": true
            },
            {
              "title": "Validar Filtro por Data",
              "fullTitle": "Funcionalidade Notícias Validar Filtro por Data",
              "timedOut": null,
              "duration": 0,
              "state": "skipped",
              "speed": null,
              "pass": false,
              "fail": false,
              "pending": false,
              "context": null,
              "code": "cy.acessarBackOffice('Notícias');\ncy.pesquisarItem(cadastroNoticias);\ncy.excluirItem('Notícia', 'tituloNoticia', cadastroNoticias.tituloNoticia);\ncy.acessarCadastrar('Cadastro de Notícias', 'Cadastrar Notícia', 'Cadastro de Notícias');\ncy.preencherNoticia(_objectSpread(_objectSpread({}, cadastroNoticias), {}, {\n  dataNoticia: cadastroNoticias.dataNoticiaHoje\n}), cadastroNoticias.CECIEx, cadastroNoticias.CadastroNews);\ncy.contains('p.chakra-text', 'Data de Publicação').should('be.visible');\ncy.get('input[datatype=\"input-date\"][type=\"date\"]').should('be.visible').and('have.attr', 'placeholder', 'Escolha uma data');\ncy.preencherDataPublicacao(7);\ncy.contains(\"Notícia Cadastrada com Sucesso\", {\n  timeout: 5000\n}).should('be.visible');",
              "err": {},
              "uuid": "3283095e-d22c-4639-822b-d02bdd714ac0",
              "parentUUID": "7dbde2df-e090-44bd-b4b1-9861edc2538e",
              "isHook": false,
              "skipped": true
            },
            {
              "title": "Validar Cadastro de Notícia SPCC com Data Passada",
              "fullTitle": "Funcionalidade Notícias Validar Cadastro de Notícia SPCC com Data Passada",
              "timedOut": null,
              "duration": 0,
              "state": "skipped",
              "speed": null,
              "pass": false,
              "fail": false,
              "pending": false,
              "context": null,
              "code": "cy.acessarBackOffice('Notícias');\ncy.pesquisarItem(cadastroNoticias);\ncy.excluirItem('Notícia', 'tituloNoticia', cadastroNoticias.tituloNoticia);\ncy.acessarCadastrar('Cadastro de Notícias', 'Cadastrar Notícia', 'Cadastro de Notícias');\ncy.preencherNoticia(_objectSpread(_objectSpread({}, cadastroNoticias), {}, {\n  dataNoticia: cadastroNoticias.dataNoticiaPassada\n}), cadastroNoticias.SPCC, cadastroNoticias.CadastroNews);\ncy.contains(\"Notícia Cadastrada com Sucesso\", {\n  timeout: 5000\n}).should('be.visible');",
              "err": {},
              "uuid": "cbb6c4db-b3cd-4b23-b8ce-6cf699c5f9e3",
              "parentUUID": "7dbde2df-e090-44bd-b4b1-9861edc2538e",
              "isHook": false,
              "skipped": true
            },
            {
              "title": "Validar Cadastro de Notícia Imagem Inválida",
              "fullTitle": "Funcionalidade Notícias Validar Cadastro de Notícia Imagem Inválida",
              "timedOut": null,
              "duration": 0,
              "state": "skipped",
              "speed": null,
              "pass": false,
              "fail": false,
              "pending": false,
              "context": null,
              "code": "cy.acessarBackOffice('Notícias');\ncy.pesquisarItem(cadastroNoticias);\ncy.excluirItem('Notícia', 'tituloNoticia', cadastroNoticias.tituloNoticia);\ncy.acessarCadastrar('Cadastro de Notícias', 'Cadastrar Notícia', 'Cadastro de Notícias');\ncy.get('[data-testid=\"AddRoundedIcon\"]').click();\ncy.get('[datatype=\"multiPhotoUploader\"]').selectFile('cypress/fixtures/formatogif.gif', {\n  force: true\n});\ncy.contains(\"Formato de arquivo inválido. Apenas arquivos JPG e PNG são permitidos.\", {\n  timeout: 5000\n}).should('be.visible');",
              "err": {},
              "uuid": "e85189ba-4987-4dd0-82db-643bf6c047f7",
              "parentUUID": "7dbde2df-e090-44bd-b4b1-9861edc2538e",
              "isHook": false,
              "skipped": true
            },
            {
              "title": "Validar Cadastro de Notícia Imagem Maior que 2MB",
              "fullTitle": "Funcionalidade Notícias Validar Cadastro de Notícia Imagem Maior que 2MB",
              "timedOut": null,
              "duration": 0,
              "state": "skipped",
              "speed": null,
              "pass": false,
              "fail": false,
              "pending": false,
              "context": null,
              "code": "cy.acessarBackOffice('Notícias');\ncy.pesquisarItem(cadastroNoticias);\ncy.excluirItem('Notícia', 'tituloNoticia', cadastroNoticias.tituloNoticia);\ncy.acessarCadastrar('Cadastro de Notícias', 'Cadastrar Notícia', 'Cadastro de Notícias');\ncy.get('[data-testid=\"AddRoundedIcon\"]').click();\ncy.get('[datatype=\"multiPhotoUploader\"]').selectFile('cypress/fixtures/imagemgrande.jpeg', {\n  force: true\n});\ncy.contains(\"O arquivo é muito grande. O tamanho máximo é 2 MB.\", {\n  timeout: 10000\n}).should('be.visible');",
              "err": {},
              "uuid": "1a5c9f02-e2e8-43d5-8aac-981213fa0646",
              "parentUUID": "7dbde2df-e090-44bd-b4b1-9861edc2538e",
              "isHook": false,
              "skipped": true
            }
          ],
          "suites": [],
          "passes": [],
          "failures": [
            "3d56b3a9-e966-4437-b0d2-61623345c86d"
          ],
          "pending": [],
          "skipped": [
            "87082a2d-24cb-45fe-ae2a-40431480038c",
            "55861fe5-f93e-49e8-91e1-30c4ec3eabdd",
            "ca23c6fa-bfae-42f6-b312-17874e322650",
            "9d347ef3-07ff-4e21-974b-0babfb027881",
            "ba7e5dbe-bc15-42d9-9d63-bdfb45f38240",
            "3283095e-d22c-4639-822b-d02bdd714ac0",
            "cbb6c4db-b3cd-4b23-b8ce-6cf699c5f9e3",
            "e85189ba-4987-4dd0-82db-643bf6c047f7",
            "1a5c9f02-e2e8-43d5-8aac-981213fa0646"
          ],
          "duration": 102,
          "root": false,
          "rootEmpty": false,
          "_timeout": 2000
        }
      ],
      "passes": [],
      "failures": [],
      "pending": [],
      "skipped": [],
      "duration": 0,
      "root": true,
      "rootEmpty": true,
      "_timeout": 2000
    }
  ],
  "meta": {
    "mocha": {
      "version": "7.2.0"
    },
    "mochawesome": {
      "options": {
        "quiet": false,
        "reportFilename": "mochawesome",
        "saveHtml": false,
        "saveJson": true,
        "consoleReporter": "spec",
        "useInlineDiffs": false,
        "code": true
      },
      "version": "7.1.4"
    },
    "marge": {
      "options": {
        "reportDir": "cypress\\results\\.jsons",
        "charts": true,
        "embeddedScreenshots": true,
        "inlineAssets": true,
        "overwrite": false,
        "html": false,
        "json": true
      },
      "version": "6.3.2"
    }
  }
}